<?xml version="1.0" encoding="UTF-8"?>
<robot generated="20210805 19:42:50.910" generator="Robot 3.0 (Python 2.7.11 on win32)">
<suite source="D:\Courses\Practices\TA.FinalPractice.MaximCherviakov\ta.sm21.maximcherviakov\RideTest" id="s1" name="RideTest">
<suite source="D:\Courses\Practices\TA.FinalPractice.MaximCherviakov\ta.sm21.maximcherviakov\RideTest\RideTest.robot" id="s1-s1" name="RideTest">
<test id="s1-s1-t1" name="tc_10_1TestCase">
<kw name="Open Browser" library="Selenium2Library">
<doc>Opens a new browser instance to given URL.</doc>
<arguments>
<arg>https://inventory.edu-netcracker.com/pages/registration.xhtml</arg>
<arg>chrome</arg>
</arguments>
<msg timestamp="20210805 19:42:51.032" level="INFO">Opening browser 'chrome' to base url 'https://inventory.edu-netcracker.com/pages/registration.xhtml'</msg>
<status status="PASS" endtime="20210805 19:42:53.288" starttime="20210805 19:42:51.031"></status>
</kw>
<kw name="Get Time" library="BuiltIn">
<doc>Returns the given time in the requested format.</doc>
<arguments>
<arg>sec</arg>
</arguments>
<assign>
<var>${currentTime1}</var>
</assign>
<msg timestamp="20210805 19:42:53.290" level="INFO">${currentTime1} = 53</msg>
<status status="PASS" endtime="20210805 19:42:53.290" starttime="20210805 19:42:53.289"></status>
</kw>
<kw name="Set Global Variable" library="BuiltIn">
<doc>Makes a variable available globally in all tests and suites.</doc>
<arguments>
<arg>${time1}</arg>
<arg>${currentTime1}</arg>
</arguments>
<msg timestamp="20210805 19:42:53.291" level="INFO">${time1} = 53</msg>
<status status="PASS" endtime="20210805 19:42:53.291" starttime="20210805 19:42:53.290"></status>
</kw>
<kw name="EnterRegistrationData">
<arguments>
<arg>TestUser${time1}</arg>
<arg>MyPassword101+</arg>
<arg>TestUser${time1}@test.com</arg>
<arg>Admin</arg>
</arguments>
<kw name="Input Text" library="Selenium2Library">
<doc>Types the given `text` into text field identified by `locator`.</doc>
<arguments>
<arg>//input[@id='registerForm:username']</arg>
<arg>${name}</arg>
</arguments>
<msg timestamp="20210805 19:42:53.293" level="INFO">Typing text 'TestUser53' into text field '//input[@id='registerForm:username']'</msg>
<status status="PASS" endtime="20210805 19:42:53.383" starttime="20210805 19:42:53.292"></status>
</kw>
<kw name="Input Password" library="Selenium2Library">
<doc>Types the given password into text field identified by `locator`.</doc>
<arguments>
<arg>//input[@id='registerForm:password']</arg>
<arg>${password}</arg>
</arguments>
<msg timestamp="20210805 19:42:53.384" level="INFO">Typing password into text field '//input[@id='registerForm:password']'</msg>
<status status="PASS" endtime="20210805 19:42:53.463" starttime="20210805 19:42:53.383"></status>
</kw>
<kw name="Input Password" library="Selenium2Library">
<doc>Types the given password into text field identified by `locator`.</doc>
<arguments>
<arg>//input[@id='registerForm:confirmPassword']</arg>
<arg>${password}</arg>
</arguments>
<msg timestamp="20210805 19:42:53.464" level="INFO">Typing password into text field '//input[@id='registerForm:confirmPassword']'</msg>
<status status="PASS" endtime="20210805 19:42:53.540" starttime="20210805 19:42:53.463"></status>
</kw>
<kw name="Input Text" library="Selenium2Library">
<doc>Types the given `text` into text field identified by `locator`.</doc>
<arguments>
<arg>//input[@id='registerForm:email']</arg>
<arg>${mail}</arg>
</arguments>
<msg timestamp="20210805 19:42:53.540" level="INFO">Typing text 'TestUser53@test.com' into text field '//input[@id='registerForm:email']'</msg>
<status status="PASS" endtime="20210805 19:42:53.620" starttime="20210805 19:42:53.540"></status>
</kw>
<kw name="Select From List By Value" library="Selenium2Library">
<doc>Selects `*values` from list identified by `locator`</doc>
<arguments>
<arg>//select[@id='registerForm:role']</arg>
<arg>${role}</arg>
</arguments>
<msg timestamp="20210805 19:42:53.621" level="INFO">Selecting value(s) 'Admin' from list '//select[@id='registerForm:role']'.</msg>
<status status="PASS" endtime="20210805 19:42:53.684" starttime="20210805 19:42:53.621"></status>
</kw>
<status status="PASS" endtime="20210805 19:42:53.685" starttime="20210805 19:42:53.292"></status>
</kw>
<kw name="Capture Page Screenshot" library="Selenium2Library">
<doc>Takes a screenshot of the current page and embeds it into the log.</doc>
<arguments>
<arg>tc_10_1TestCase(1).png</arg>
</arguments>
<msg timestamp="20210805 19:42:53.821" html="yes" level="INFO">&lt;/td&gt;&lt;/tr&gt;&lt;tr&gt;&lt;td colspan="3"&gt;&lt;a href="tc_10_1TestCase%281%29.png"&gt;&lt;img src="tc_10_1TestCase%281%29.png" width="800px"&gt;&lt;/a&gt;</msg>
<status status="PASS" endtime="20210805 19:42:53.822" starttime="20210805 19:42:53.685"></status>
</kw>
<kw name="Click Button" library="Selenium2Library">
<doc>Clicks a button identified by `locator`.</doc>
<arguments>
<arg>//input[@type='submit']</arg>
</arguments>
<msg timestamp="20210805 19:42:53.822" level="INFO">Clicking button '//input[@type='submit']'.</msg>
<status status="PASS" endtime="20210805 19:42:54.273" starttime="20210805 19:42:53.822"></status>
</kw>
<kw name="Wait Until Page Contains" library="Selenium2Library">
<doc>Waits until `text` appears on current page.</doc>
<arguments>
<arg>You have successfully registered</arg>
<arg>10s</arg>
</arguments>
<status status="PASS" endtime="20210805 19:42:54.286" starttime="20210805 19:42:54.274"></status>
</kw>
<kw name="Capture Page Screenshot" library="Selenium2Library">
<doc>Takes a screenshot of the current page and embeds it into the log.</doc>
<arguments>
<arg>tc_10_1TestCase(2).png</arg>
</arguments>
<msg timestamp="20210805 19:42:54.412" html="yes" level="INFO">&lt;/td&gt;&lt;/tr&gt;&lt;tr&gt;&lt;td colspan="3"&gt;&lt;a href="tc_10_1TestCase%282%29.png"&gt;&lt;img src="tc_10_1TestCase%282%29.png" width="800px"&gt;&lt;/a&gt;</msg>
<status status="PASS" endtime="20210805 19:42:54.413" starttime="20210805 19:42:54.287"></status>
</kw>
<kw name="Close Browser" library="Selenium2Library">
<doc>Closes the current browser.</doc>
<status status="PASS" endtime="20210805 19:42:55.498" starttime="20210805 19:42:54.413"></status>
</kw>
<status status="PASS" endtime="20210805 19:42:55.500" critical="yes" starttime="20210805 19:42:51.031"></status>
</test>
<test id="s1-s1-t2" name="tc_10_2TestCase">
<kw name="Open Browser" library="Selenium2Library">
<doc>Opens a new browser instance to given URL.</doc>
<arguments>
<arg>https://inventory.edu-netcracker.com/pages/registration.xhtml</arg>
<arg>chrome</arg>
</arguments>
<msg timestamp="20210805 19:42:55.506" level="INFO">Opening browser 'chrome' to base url 'https://inventory.edu-netcracker.com/pages/registration.xhtml'</msg>
<status status="PASS" endtime="20210805 19:42:57.730" starttime="20210805 19:42:55.505"></status>
</kw>
<kw name="EnterRegistrationData">
<arguments>
<arg>TestUser${time1}</arg>
<arg>MyPassword101+</arg>
<arg>TestUser${time1}@test.com</arg>
<arg>Admin</arg>
</arguments>
<kw name="Input Text" library="Selenium2Library">
<doc>Types the given `text` into text field identified by `locator`.</doc>
<arguments>
<arg>//input[@id='registerForm:username']</arg>
<arg>${name}</arg>
</arguments>
<msg timestamp="20210805 19:42:57.732" level="INFO">Typing text 'TestUser53' into text field '//input[@id='registerForm:username']'</msg>
<status status="PASS" endtime="20210805 19:42:57.821" starttime="20210805 19:42:57.732"></status>
</kw>
<kw name="Input Password" library="Selenium2Library">
<doc>Types the given password into text field identified by `locator`.</doc>
<arguments>
<arg>//input[@id='registerForm:password']</arg>
<arg>${password}</arg>
</arguments>
<msg timestamp="20210805 19:42:57.822" level="INFO">Typing password into text field '//input[@id='registerForm:password']'</msg>
<status status="PASS" endtime="20210805 19:42:57.902" starttime="20210805 19:42:57.821"></status>
</kw>
<kw name="Input Password" library="Selenium2Library">
<doc>Types the given password into text field identified by `locator`.</doc>
<arguments>
<arg>//input[@id='registerForm:confirmPassword']</arg>
<arg>${password}</arg>
</arguments>
<msg timestamp="20210805 19:42:57.903" level="INFO">Typing password into text field '//input[@id='registerForm:confirmPassword']'</msg>
<status status="PASS" endtime="20210805 19:42:57.980" starttime="20210805 19:42:57.902"></status>
</kw>
<kw name="Input Text" library="Selenium2Library">
<doc>Types the given `text` into text field identified by `locator`.</doc>
<arguments>
<arg>//input[@id='registerForm:email']</arg>
<arg>${mail}</arg>
</arguments>
<msg timestamp="20210805 19:42:57.982" level="INFO">Typing text 'TestUser53@test.com' into text field '//input[@id='registerForm:email']'</msg>
<status status="PASS" endtime="20210805 19:42:58.061" starttime="20210805 19:42:57.981"></status>
</kw>
<kw name="Select From List By Value" library="Selenium2Library">
<doc>Selects `*values` from list identified by `locator`</doc>
<arguments>
<arg>//select[@id='registerForm:role']</arg>
<arg>${role}</arg>
</arguments>
<msg timestamp="20210805 19:42:58.062" level="INFO">Selecting value(s) 'Admin' from list '//select[@id='registerForm:role']'.</msg>
<status status="PASS" endtime="20210805 19:42:58.123" starttime="20210805 19:42:58.062"></status>
</kw>
<status status="PASS" endtime="20210805 19:42:58.124" starttime="20210805 19:42:57.731"></status>
</kw>
<kw name="Capture Page Screenshot" library="Selenium2Library">
<doc>Takes a screenshot of the current page and embeds it into the log.</doc>
<arguments>
<arg>tc_10_2TestCase(1).png</arg>
</arguments>
<msg timestamp="20210805 19:42:58.231" html="yes" level="INFO">&lt;/td&gt;&lt;/tr&gt;&lt;tr&gt;&lt;td colspan="3"&gt;&lt;a href="tc_10_2TestCase%281%29.png"&gt;&lt;img src="tc_10_2TestCase%281%29.png" width="800px"&gt;&lt;/a&gt;</msg>
<status status="PASS" endtime="20210805 19:42:58.231" starttime="20210805 19:42:58.124"></status>
</kw>
<kw name="Click Button" library="Selenium2Library">
<doc>Clicks a button identified by `locator`.</doc>
<arguments>
<arg>//input[@type='submit']</arg>
</arguments>
<msg timestamp="20210805 19:42:58.232" level="INFO">Clicking button '//input[@type='submit']'.</msg>
<status status="PASS" endtime="20210805 19:42:58.707" starttime="20210805 19:42:58.232"></status>
</kw>
<kw name="Wait Until Page Contains" library="Selenium2Library">
<doc>Waits until `text` appears on current page.</doc>
<arguments>
<arg>The user with such email address has been already registered. Please fill out another email address</arg>
<arg>10s</arg>
</arguments>
<kw name="Capture Page Screenshot" library="Selenium2Library">
<doc>Takes a screenshot of the current page and embeds it into the log.</doc>
<msg timestamp="20210805 19:43:15.851" level="FAIL">WebDriverException: Message: u'chrome not reachable\n  (Session info: chrome=92.0.4515.131)\n  (Driver info: chromedriver=92.0.4515.43 (8c61b7e2989f2990d42f859cac71319137787cce-refs/branch-heads/4515@{#306}),platform=Windows NT 10.0.17763 x86_64)' </msg>
<status status="FAIL" endtime="20210805 19:43:15.852" starttime="20210805 19:43:11.822"></status>
</kw>
<msg timestamp="20210805 19:43:15.853" level="WARN">Keyword 'Capture Page Screenshot' could not be run on failure: WebDriverException: Message: u'chrome not reachable\n  (Session info: chrome=92.0.4515.131)\n  (Driver info: chromedriver=92.0.4515.43 (8c61b7e2989f2990d42f859cac71319137787cce-refs/branch-heads/4515@{#306}),platform=Windows NT 10.0.17763 x86_64)' </msg>
<msg timestamp="20210805 19:43:15.860" level="FAIL">WebDriverException: Message: u'chrome not reachable\n  (Session info: chrome=92.0.4515.131)\n  (Driver info: chromedriver=92.0.4515.43 (8c61b7e2989f2990d42f859cac71319137787cce-refs/branch-heads/4515@{#306}),platform=Windows NT 10.0.17763 x86_64)' </msg>
<status status="FAIL" endtime="20210805 19:43:15.861" starttime="20210805 19:42:58.708"></status>
</kw>
<status status="FAIL" endtime="20210805 19:43:15.861" critical="yes" starttime="20210805 19:42:55.502">WebDriverException: Message: u'chrome not reachable\n  (Session info: chrome=92.0.4515.131)\n  (Driver info: chromedriver=92.0.4515.43 (8c61b7e2989f2990d42f859cac71319137787cce-refs/branch-heads/4515@{#306}),platform=Windows NT 10.0.17763 x86_64)' </status>
</test>
<status status="FAIL" endtime="20210805 19:43:15.863" starttime="20210805 19:42:50.943"></status>
</suite>
<status status="FAIL" endtime="20210805 19:43:15.868" starttime="20210805 19:42:50.924"></status>
</suite>
<statistics>
<total>
<stat fail="1" pass="1">Critical Tests</stat>
<stat fail="1" pass="1">All Tests</stat>
</total>
<tag>
</tag>
<suite>
<stat fail="1" id="s1" name="RideTest" pass="1">RideTest</stat>
<stat fail="1" id="s1-s1" name="RideTest" pass="1">RideTest.RideTest</stat>
</suite>
</statistics>
<errors>
<msg timestamp="20210805 19:43:15.853" level="WARN">Keyword 'Capture Page Screenshot' could not be run on failure: WebDriverException: Message: u'chrome not reachable\n  (Session info: chrome=92.0.4515.131)\n  (Driver info: chromedriver=92.0.4515.43 (8c61b7e2989f2990d42f859cac71319137787cce-refs/branch-heads/4515@{#306}),platform=Windows NT 10.0.17763 x86_64)' </msg>
</errors>
</robot>
