<?xml version="1.0" encoding="UTF-8"?>
<robot generated="20210805 19:15:17.721" generator="Robot 3.0 (Python 2.7.11 on win32)">
<suite source="D:\Courses\Practices\TA.FinalPractice.MaximCherviakov\ta.sm21.maximcherviakov\RideTest" id="s1" name="RideTest">
<suite source="D:\Courses\Practices\TA.FinalPractice.MaximCherviakov\ta.sm21.maximcherviakov\RideTest\RideTest.robot" id="s1-s1" name="RideTest">
<test id="s1-s1-t1" name="tc_1_1TestCase">
<kw name="Open Browser" library="Selenium2Library">
<doc>Opens a new browser instance to given URL.</doc>
<arguments>
<arg>https://inventory.edu-netcracker.com/pages/registration.xhtml</arg>
<arg>chrome</arg>
</arguments>
<msg timestamp="20210805 19:15:18.855" level="INFO">Opening browser 'chrome' to base url 'https://inventory.edu-netcracker.com/pages/registration.xhtml'</msg>
<status status="PASS" endtime="20210805 19:15:21.111" starttime="20210805 19:15:18.855"></status>
</kw>
<kw name="Get Time" library="BuiltIn">
<doc>Returns the given time in the requested format.</doc>
<arguments>
<arg>sec</arg>
</arguments>
<assign>
<var>${currentTime}</var>
</assign>
<msg timestamp="20210805 19:15:21.112" level="INFO">${currentTime} = 21</msg>
<status status="PASS" endtime="20210805 19:15:21.112" starttime="20210805 19:15:21.111"></status>
</kw>
<kw name="EnterRegistrationData">
<arguments>
<arg>TestAdminUser${currentTime}</arg>
<arg>Password11+</arg>
<arg>TestAdminUser${currentTime}@test.com</arg>
<arg>Admin</arg>
</arguments>
<kw name="Input Text" library="Selenium2Library">
<doc>Types the given `text` into text field identified by `locator`.</doc>
<arguments>
<arg>//input[@id='registerForm:username']</arg>
<arg>${name}</arg>
</arguments>
<msg timestamp="20210805 19:15:21.113" level="INFO">Typing text 'TestAdminUser21' into text field '//input[@id='registerForm:username']'</msg>
<status status="PASS" endtime="20210805 19:15:21.206" starttime="20210805 19:15:21.112"></status>
</kw>
<kw name="Input Password" library="Selenium2Library">
<doc>Types the given password into text field identified by `locator`.</doc>
<arguments>
<arg>//input[@id='registerForm:password']</arg>
<arg>${password}</arg>
</arguments>
<msg timestamp="20210805 19:15:21.207" level="INFO">Typing password into text field '//input[@id='registerForm:password']'</msg>
<status status="PASS" endtime="20210805 19:15:21.288" starttime="20210805 19:15:21.206"></status>
</kw>
<kw name="Input Password" library="Selenium2Library">
<doc>Types the given password into text field identified by `locator`.</doc>
<arguments>
<arg>//input[@id='registerForm:confirmPassword']</arg>
<arg>${password}</arg>
</arguments>
<msg timestamp="20210805 19:15:21.288" level="INFO">Typing password into text field '//input[@id='registerForm:confirmPassword']'</msg>
<status status="PASS" endtime="20210805 19:15:21.365" starttime="20210805 19:15:21.288"></status>
</kw>
<kw name="Input Text" library="Selenium2Library">
<doc>Types the given `text` into text field identified by `locator`.</doc>
<arguments>
<arg>//input[@id='registerForm:email']</arg>
<arg>${mail}</arg>
</arguments>
<msg timestamp="20210805 19:15:21.366" level="INFO">Typing text 'Admin' into text field '//input[@id='registerForm:email']'</msg>
<status status="PASS" endtime="20210805 19:15:21.430" starttime="20210805 19:15:21.366"></status>
</kw>
<kw name="Select From List By Value" library="Selenium2Library">
<doc>Selects `*values` from list identified by `locator`</doc>
<arguments>
<arg>//select[@id='registerForm:role']</arg>
<arg>${role}</arg>
</arguments>
<msg timestamp="20210805 19:15:21.430" level="INFO">Selecting value(s) 'TestAdminUser21@test.com' from list '//select[@id='registerForm:role']'.</msg>
<kw name="Capture Page Screenshot" library="Selenium2Library">
<doc>Takes a screenshot of the current page and embeds it into the log.</doc>
<msg timestamp="20210805 19:15:21.579" html="yes" level="INFO">&lt;/td&gt;&lt;/tr&gt;&lt;tr&gt;&lt;td colspan="3"&gt;&lt;a href="selenium-screenshot-1.png"&gt;&lt;img src="selenium-screenshot-1.png" width="800px"&gt;&lt;/a&gt;</msg>
<status status="PASS" endtime="20210805 19:15:21.579" starttime="20210805 19:15:21.474"></status>
</kw>
<msg timestamp="20210805 19:15:21.579" level="FAIL">NoSuchElementException: Message: u'Cannot locate option with value: TestAdminUser21@test.com' </msg>
<status status="FAIL" endtime="20210805 19:15:21.579" starttime="20210805 19:15:21.430"></status>
</kw>
<status status="FAIL" endtime="20210805 19:15:21.579" starttime="20210805 19:15:21.112"></status>
</kw>
<status status="FAIL" endtime="20210805 19:15:21.579" critical="yes" starttime="20210805 19:15:18.855">NoSuchElementException: Message: u'Cannot locate option with value: TestAdminUser21@test.com' </status>
</test>
<status status="FAIL" endtime="20210805 19:15:21.579" starttime="20210805 19:15:18.761"></status>
</suite>
<status status="FAIL" endtime="20210805 19:15:21.579" starttime="20210805 19:15:18.746"></status>
</suite>
<statistics>
<total>
<stat fail="1" pass="0">Critical Tests</stat>
<stat fail="1" pass="0">All Tests</stat>
</total>
<tag>
</tag>
<suite>
<stat fail="1" id="s1" name="RideTest" pass="0">RideTest</stat>
<stat fail="1" id="s1-s1" name="RideTest" pass="0">RideTest.RideTest</stat>
</suite>
</statistics>
<errors>
</errors>
</robot>
