<?xml version="1.0" encoding="UTF-8"?>
<robot generated="20210805 19:18:57.983" generator="Robot 3.0 (Python 2.7.11 on win32)">
<suite source="D:\Courses\Practices\TA.FinalPractice.MaximCherviakov\ta.sm21.maximcherviakov\RideTest" id="s1" name="RideTest">
<suite source="D:\Courses\Practices\TA.FinalPractice.MaximCherviakov\ta.sm21.maximcherviakov\RideTest\RideTest.robot" id="s1-s1" name="RideTest">
<test id="s1-s1-t1" name="tc_2_1TestCase">
<kw name="Open Browser" library="Selenium2Library">
<doc>Opens a new browser instance to given URL.</doc>
<arguments>
<arg>https://inventory.edu-netcracker.com/pages/registration.xhtml</arg>
<arg>chrome</arg>
</arguments>
<msg timestamp="20210805 19:18:58.108" level="INFO">Opening browser 'chrome' to base url 'https://inventory.edu-netcracker.com/pages/registration.xhtml'</msg>
<status status="PASS" endtime="20210805 19:19:00.253" starttime="20210805 19:18:58.108"></status>
</kw>
<kw name="EnterRegistrationData">
<arguments>
<arg>TestUser21</arg>
<arg>Password21+</arg>
<arg>TestUser21@test.com</arg>
<arg>Admin</arg>
</arguments>
<kw name="Input Text" library="Selenium2Library">
<doc>Types the given `text` into text field identified by `locator`.</doc>
<arguments>
<arg>//input[@id='registerForm:username']</arg>
<arg>${name}</arg>
</arguments>
<msg timestamp="20210805 19:19:00.254" level="INFO">Typing text 'TestUser21' into text field '//input[@id='registerForm:username']'</msg>
<status status="PASS" endtime="20210805 19:19:00.345" starttime="20210805 19:19:00.254"></status>
</kw>
<kw name="Input Password" library="Selenium2Library">
<doc>Types the given password into text field identified by `locator`.</doc>
<arguments>
<arg>//input[@id='registerForm:password']</arg>
<arg>${password}</arg>
</arguments>
<msg timestamp="20210805 19:19:00.346" level="INFO">Typing password into text field '//input[@id='registerForm:password']'</msg>
<status status="PASS" endtime="20210805 19:19:00.427" starttime="20210805 19:19:00.346"></status>
</kw>
<kw name="Input Password" library="Selenium2Library">
<doc>Types the given password into text field identified by `locator`.</doc>
<arguments>
<arg>//input[@id='registerForm:confirmPassword']</arg>
<arg>${password}</arg>
</arguments>
<msg timestamp="20210805 19:19:00.429" level="INFO">Typing password into text field '//input[@id='registerForm:confirmPassword']'</msg>
<status status="PASS" endtime="20210805 19:19:00.504" starttime="20210805 19:19:00.428"></status>
</kw>
<kw name="Input Text" library="Selenium2Library">
<doc>Types the given `text` into text field identified by `locator`.</doc>
<arguments>
<arg>//input[@id='registerForm:email']</arg>
<arg>${mail}</arg>
</arguments>
<msg timestamp="20210805 19:19:00.505" level="INFO">Typing text 'TestUser21@test.com' into text field '//input[@id='registerForm:email']'</msg>
<status status="PASS" endtime="20210805 19:19:00.587" starttime="20210805 19:19:00.505"></status>
</kw>
<kw name="Select From List By Value" library="Selenium2Library">
<doc>Selects `*values` from list identified by `locator`</doc>
<arguments>
<arg>//select[@id='registerForm:role']</arg>
<arg>${role}</arg>
</arguments>
<msg timestamp="20210805 19:19:00.588" level="INFO">Selecting value(s) 'Admin' from list '//select[@id='registerForm:role']'.</msg>
<status status="PASS" endtime="20210805 19:19:00.648" starttime="20210805 19:19:00.588"></status>
</kw>
<status status="PASS" endtime="20210805 19:19:00.649" starttime="20210805 19:19:00.253"></status>
</kw>
<kw name="Capture Page Screenshot" library="Selenium2Library">
<doc>Takes a screenshot of the current page and embeds it into the log.</doc>
<arguments>
<arg>tc_2_1TestCase(1).png</arg>
</arguments>
<msg timestamp="20210805 19:19:00.761" html="yes" level="INFO">&lt;/td&gt;&lt;/tr&gt;&lt;tr&gt;&lt;td colspan="3"&gt;&lt;a href="tc_2_1TestCase%281%29.png"&gt;&lt;img src="tc_2_1TestCase%281%29.png" width="800px"&gt;&lt;/a&gt;</msg>
<status status="PASS" endtime="20210805 19:19:00.761" starttime="20210805 19:19:00.649"></status>
</kw>
<kw name="Click Button" library="Selenium2Library">
<doc>Clicks a button identified by `locator`.</doc>
<arguments>
<arg>//input[@type='submit']</arg>
</arguments>
<msg timestamp="20210805 19:19:00.761" level="INFO">Clicking button '//input[@type='submit']'.</msg>
<status status="PASS" endtime="20210805 19:19:01.174" starttime="20210805 19:19:00.761"></status>
</kw>
<kw name="Wait Until Page Contains" library="Selenium2Library">
<doc>Waits until `text` appears on current page.</doc>
<arguments>
<arg>You have successfully registered</arg>
<arg>10s</arg>
</arguments>
<kw name="Capture Page Screenshot" library="Selenium2Library">
<doc>Takes a screenshot of the current page and embeds it into the log.</doc>
<msg timestamp="20210805 19:19:11.942" level="FAIL">WebDriverException: Message: u'chrome not reachable\n  (Session info: chrome=92.0.4515.131)\n  (Driver info: chromedriver=92.0.4515.43 (8c61b7e2989f2990d42f859cac71319137787cce-refs/branch-heads/4515@{#306}),platform=Windows NT 10.0.17763 x86_64)' </msg>
<status status="FAIL" endtime="20210805 19:19:11.942" starttime="20210805 19:19:07.855"></status>
</kw>
<msg timestamp="20210805 19:19:11.942" level="WARN">Keyword 'Capture Page Screenshot' could not be run on failure: WebDriverException: Message: u'chrome not reachable\n  (Session info: chrome=92.0.4515.131)\n  (Driver info: chromedriver=92.0.4515.43 (8c61b7e2989f2990d42f859cac71319137787cce-refs/branch-heads/4515@{#306}),platform=Windows NT 10.0.17763 x86_64)' </msg>
<msg timestamp="20210805 19:19:11.942" level="FAIL">WebDriverException: Message: u'chrome not reachable\n  (Session info: chrome=92.0.4515.131)\n  (Driver info: chromedriver=92.0.4515.43 (8c61b7e2989f2990d42f859cac71319137787cce-refs/branch-heads/4515@{#306}),platform=Windows NT 10.0.17763 x86_64)' </msg>
<status status="FAIL" endtime="20210805 19:19:11.942" starttime="20210805 19:19:01.175"></status>
</kw>
<status status="FAIL" endtime="20210805 19:19:11.942" critical="yes" starttime="20210805 19:18:58.108">WebDriverException: Message: u'chrome not reachable\n  (Session info: chrome=92.0.4515.131)\n  (Driver info: chromedriver=92.0.4515.43 (8c61b7e2989f2990d42f859cac71319137787cce-refs/branch-heads/4515@{#306}),platform=Windows NT 10.0.17763 x86_64)' </status>
</test>
<status status="FAIL" endtime="20210805 19:19:11.942" starttime="20210805 19:18:58.014"></status>
</suite>
<status status="FAIL" endtime="20210805 19:19:11.942" starttime="20210805 19:18:57.998"></status>
</suite>
<statistics>
<total>
<stat fail="1" pass="0">Critical Tests</stat>
<stat fail="1" pass="0">All Tests</stat>
</total>
<tag>
</tag>
<suite>
<stat fail="1" id="s1" name="RideTest" pass="0">RideTest</stat>
<stat fail="1" id="s1-s1" name="RideTest" pass="0">RideTest.RideTest</stat>
</suite>
</statistics>
<errors>
<msg timestamp="20210805 19:19:11.942" level="WARN">Keyword 'Capture Page Screenshot' could not be run on failure: WebDriverException: Message: u'chrome not reachable\n  (Session info: chrome=92.0.4515.131)\n  (Driver info: chromedriver=92.0.4515.43 (8c61b7e2989f2990d42f859cac71319137787cce-refs/branch-heads/4515@{#306}),platform=Windows NT 10.0.17763 x86_64)' </msg>
</errors>
</robot>
